<?xml version="1.0" encoding="UTF-8"?>
<!-- Generated by org.testng.reporters.JUnitReportReporter -->
<testsuite hostname="DESKTOP-993SUM8" failures="0" tests="1" name="com.saucedemo.test.UserLoginTestCases" time="0.530" errors="0" timestamp="2022-01-22T13:39:44 EET" skipped="0">
  <testcase classname="com.saucedemo.test.UserLoginTestCases" name="Login" time="0.530"/>
  <system-out/>
</testsuite> <!-- com.saucedemo.test.UserLoginTestCases -->
