<?xml version="1.0" encoding="UTF-8"?>
<!-- Generated by org.testng.reporters.JUnitReportReporter -->
<testsuite hostname="DESKTOP-993SUM8" failures="0" tests="1" name="com.saucedemo.test.PurchaseProcessTestCase" time="0.549" errors="0" timestamp="2022-01-22T13:39:44 EET" skipped="0">
  <testcase classname="com.saucedemo.test.PurchaseProcessTestCase" name="purchaseItem" time="0.549"/>
  <system-out/>
</testsuite> <!-- com.saucedemo.test.PurchaseProcessTestCase -->
